                                        331(27)
                                          / \
                                         /   \
                                        /     \
                                       /       \
                                      /         \
                                     /           \
                                    /             \
                                   /               \
                                  /                 \
                                 /                   \
                                /                     \
                               /                       \
                              /                         \
                             /                           \
                            /                             \
                           /                               \
                          /                                 \
                      220(16)                             429(10)
                        / \                                 / \
                       /   \                               /   \
                      /     \                             /     \
                     /       \                           /       \
                    /         \                         /         \
                   /           \                       /           \
                  /             \                   351(5)       478(4)
                 /               \                   / \           / \
                /                 \                 /   \         /   \
               /                   \               /     \       /     \
              /                     \             /       \   436(1) 490(2)
             /                       \         349(2)   420(2)           \
            /                         \         /         /            496(1)
         76(8)                      257(7)   342(1)    362(1)
          / \                         / \
         /   \                       /   \
        /     \                     /     \
       /       \                   /       \
      /         \                 /         \
   42(3)      114(4)             /           \
    / \         / \             /             \
   /   \       /   \         237(3)         263(3)
31(1) 65(1)   /     \         / \             / \
           80(1)  202(2)     /   \           /   \
                    /       /     \         /     \
                 197(1)  232(1) 251(1)   263(1) 278(1)
                                  263(27)
                                    / \
                                   /   \
                                  /     \
                                 /       \
                                /         \
                               /           \
                              /             \
                             /               \
                            /                 \
                           /                   \
                          /                     \
                         /                       \
                        /                         \
                       /                           \
                      /                             \
                     /                               \
                    /                                 \
                197(13)                             362(13)
                  / \                                 / \
                 /   \                               /   \
                /     \                             /     \
               /       \                           /       \
              /         \                         /         \
             /           \                       /           \
            /             \                     /             \
           /               \                   /               \
        76(6)            237(6)             342(6)           478(6)
         / \               / \               / \               / \
        /   \             /   \             /   \             /   \
       /     \           /     \           /     \           /     \
      /       \         /       \         /       \         /       \
   42(3)    114(2)   220(3)   257(2)   278(3)   351(2)   429(3)   496(2)
    / \       /       / \       /       / \       /       / \       /
   /   \   80(1)     /   \   251(1)    /   \   349(1)    /   \   490(1)
31(1) 65(1)         /     \           /     \           /     \
                 202(1) 232(1)     263(1) 331(1)     420(1) 436(1)
